<?xml version="1.0" encoding="UTF-8"?>
<!-- Generated by org.testng.reporters.JUnitReportReporter -->
<testsuite hostname="GovardhanReddy" failures="0" tests="3" name="testout.OutPut" time="22.296" errors="0" timestamp="2022-09-07T09:40:52 IST" skipped="0">
  <testcase classname="testout.OutPut" name="startMe" time="8.267"/>
  <system-out/>
  <testcase classname="testout.OutPut" name="startMe" time="4.632"/>
  <system-out/>
  <testcase classname="testout.OutPut" name="startMe" time="9.397"/>
  <system-out/>
</testsuite> <!-- testout.OutPut -->
