<?xml version="1.0" encoding="UTF-8"?>
<!-- Generated by org.testng.reporters.JUnitReportReporter -->
<testsuite hostname="GovardhanReddy" failures="0" tests="3" name="regression.TestOut" time="36.423" errors="0" timestamp="2022-08-19T14:01:40 IST" skipped="0">
  <testcase classname="regression.TestOut" name="doto" time="10.947"/>
  <system-out/>
  <testcase classname="regression.TestOut" name="doto" time="18.188"/>
  <system-out/>
  <testcase classname="regression.TestOut" name="doto" time="7.288"/>
  <system-out/>
</testsuite> <!-- regression.TestOut -->
