<?xml version="1.0" encoding="UTF-8"?>
<!-- Generated by org.testng.reporters.JUnitReportReporter -->
<testsuite hostname="GovardhanReddy" failures="0" tests="1" name="seleniumspract.Office" time="17.840" errors="0" timestamp="2022-08-19T20:30:17 IST" skipped="0">
  <testcase classname="seleniumspract.Office" name="ofs" time="17.840"/>
  <system-out/>
</testsuite> <!-- seleniumspract.Office -->
