<?xml version="1.0" encoding="UTF-8"?>
<!-- Generated by org.testng.reporters.JUnitReportReporter -->
<testsuite hostname="GovardhanReddy" failures="0" tests="1" name="seleniumspract.Mousedos" time="15.427" errors="0" timestamp="2022-08-19T13:49:50 IST" skipped="0">
  <testcase classname="seleniumspract.Mousedos" name="movetis" time="15.427"/>
  <system-out/>
</testsuite> <!-- seleniumspract.Mousedos -->
