<?xml version="1.0" encoding="UTF-8"?>
<!-- Generated by org.testng.reporters.JUnitReportReporter -->
<testsuite hostname="GovardhanReddy" failures="0" tests="1" name="seleniumspract.MonstersInfo" time="12.405" errors="0" timestamp="2022-08-20T14:59:02 IST" skipped="0">
  <testcase classname="seleniumspract.MonstersInfo" name="name" time="12.405"/>
  <system-out/>
</testsuite> <!-- seleniumspract.MonstersInfo -->
