<?xml version="1.0" encoding="UTF-8"?>
<!-- Generated by org.testng.reporters.JUnitReportReporter -->
<testsuite hostname="GovardhanReddy" failures="0" tests="1" name="seleniumspract.DynamicTable" time="12.707" errors="0" timestamp="2022-08-24T16:03:54 IST" skipped="0">
  <testcase classname="seleniumspract.DynamicTable" name="name" time="12.707"/>
  <system-out/>
</testsuite> <!-- seleniumspract.DynamicTable -->
