<?xml version="1.0" encoding="UTF-8"?>
<!-- Generated by org.testng.reporters.JUnitReportReporter -->
<testsuite hostname="GovardhanReddy" failures="0" tests="3" name="testout.OutPut" time="23.246" errors="0" timestamp="2022-09-07T09:35:37 IST" skipped="0">
  <testcase classname="testout.OutPut" name="startMe" time="13.637"/>
  <system-out/>
  <testcase classname="testout.OutPut" name="startMe" time="4.325"/>
  <system-out/>
  <testcase classname="testout.OutPut" name="startMe" time="5.284"/>
  <system-out/>
</testsuite> <!-- testout.OutPut -->
