<?xml version="1.0" encoding="UTF-8"?>
<!-- Generated by org.testng.reporters.JUnitReportReporter -->
<testsuite hostname="GovardhanReddy" failures="0" tests="1" name="seleniumspract.sracb" time="9.308" errors="0" timestamp="2022-08-18T21:46:32 IST" skipped="0">
  <testcase classname="seleniumspract.sracb" name="name" time="9.308"/>
  <system-out/>
</testsuite> <!-- seleniumspract.sracb -->
