<?xml version="1.0" encoding="UTF-8"?>
<!-- Generated by org.testng.reporters.JUnitReportReporter -->
<testsuite hostname="GovardhanReddy" failures="0" tests="3" name="regression.TestOut" time="24.342" errors="0" timestamp="2022-08-18T18:45:53 IST" skipped="0">
  <testcase classname="regression.TestOut" name="doto" time="5.126"/>
  <system-out/>
  <testcase classname="regression.TestOut" name="doto" time="8.231"/>
  <system-out/>
  <testcase classname="regression.TestOut" name="doto" time="10.985"/>
  <system-out/>
</testsuite> <!-- regression.TestOut -->
