<?xml version="1.0" encoding="UTF-8"?>
<!-- Generated by org.testng.reporters.JUnitReportReporter -->
<testsuite hostname="GovardhanReddy" failures="0" tests="1" name="seleniumspract.wins" time="11.371" errors="0" timestamp="2022-08-19T14:46:31 IST" skipped="0">
  <testcase classname="seleniumspract.wins" name="dos" time="11.371"/>
  <system-out/>
</testsuite> <!-- seleniumspract.wins -->
