<?xml version="1.0" encoding="UTF-8"?>
<!-- Generated by org.testng.reporters.JUnitReportReporter -->
<testsuite hostname="GovardhanReddy" failures="0" tests="3" name="regression.TestOut" time="51.700" errors="0" timestamp="2022-08-29T17:32:07 IST" skipped="0">
  <testcase classname="regression.TestOut" name="doto" time="15.596"/>
  <system-out/>
  <testcase classname="regression.TestOut" name="doto" time="18.178"/>
  <system-out/>
  <testcase classname="regression.TestOut" name="doto" time="17.926"/>
  <system-out/>
</testsuite> <!-- regression.TestOut -->
