<?xml version="1.0" encoding="UTF-8"?>
<!-- Generated by org.testng.reporters.JUnitReportReporter -->
<testsuite hostname="GovardhanReddy" failures="0" tests="1" name="seleniumspract.DigDong" time="16.507" errors="0" timestamp="2022-08-19T20:21:46 IST" skipped="0">
  <testcase classname="seleniumspract.DigDong" name="dop" time="16.507"/>
  <system-out/>
</testsuite> <!-- seleniumspract.DigDong -->
