<?xml version="1.0" encoding="UTF-8"?>
<!-- Generated by org.testng.reporters.JUnitReportReporter -->
<testsuite hostname="GovardhanReddy" failures="0" tests="1" name="seleniumspract.DragAndDrop" time="11.120" errors="0" timestamp="2022-08-22T15:47:38 IST" skipped="0">
  <testcase classname="seleniumspract.DragAndDrop" name="name" time="11.120"/>
  <system-out/>
</testsuite> <!-- seleniumspract.DragAndDrop -->
