<?xml version="1.0" encoding="UTF-8"?>
<!-- Generated by org.testng.reporters.JUnitReportReporter -->
<testsuite hostname="GovardhanReddy" failures="0" tests="1" name="seleniumspract.Cp" time="11.115" errors="0" timestamp="2022-08-20T20:46:17 IST" skipped="0">
  <testcase classname="seleniumspract.Cp" name="name" time="11.115"/>
  <system-out/>
</testsuite> <!-- seleniumspract.Cp -->
