<?xml version="1.0" encoding="UTF-8"?>
<!-- Generated by org.testng.reporters.JUnitReportReporter -->
<testsuite hostname="GovardhanReddy" failures="0" tests="1" name="seleniumspract.Table" time="9.258" errors="0" timestamp="2022-08-20T09:42:41 IST" skipped="0">
  <testcase classname="seleniumspract.Table" name="name" time="9.258"/>
  <system-out/>
</testsuite> <!-- seleniumspract.Table -->
