<?xml version="1.0" encoding="UTF-8"?>
<!-- Generated by org.testng.reporters.JUnitReportReporter -->
<testsuite hostname="GovardhanReddy" failures="0" tests="1" name="seleniumspract.DragAndDrop" time="10.248" errors="0" timestamp="2022-08-18T21:29:15 IST" skipped="0">
  <testcase classname="seleniumspract.DragAndDrop" name="name" time="10.248"/>
  <system-out/>
</testsuite> <!-- seleniumspract.DragAndDrop -->
