<?xml version="1.0" encoding="UTF-8"?>
<!-- Generated by org.testng.reporters.JUnitReportReporter -->
<testsuite hostname="GovardhanReddy" failures="0" tests="1" name="seleniumspract.DatePicker" time="8.210" errors="0" timestamp="2022-08-18T15:57:02 IST" skipped="0">
  <testcase classname="seleniumspract.DatePicker" name="datepick" time="8.210"/>
  <system-out/>
</testsuite> <!-- seleniumspract.DatePicker -->
