<?xml version="1.0" encoding="UTF-8"?>
<!-- Generated by org.testng.reporters.JUnitReportReporter -->
<testsuite hostname="GovardhanReddy" failures="0" tests="1" name="seleniumspract.FileDown" time="8.343" errors="0" timestamp="2022-08-19T21:33:49 IST" skipped="0">
  <testcase classname="seleniumspract.FileDown" name="name" time="8.343"/>
  <system-out/>
</testsuite> <!-- seleniumspract.FileDown -->
